[INFO] Scanning for projects...
[INFO] 
[INFO] ----------------------< com.example:WarehouseDB >-----------------------
[INFO] Building WarehouseDB 0.0.1-SNAPSHOT
[INFO]   from pom.xml
[INFO] --------------------------------[ jar ]---------------------------------
[INFO] 
[INFO] >>> spring-boot:4.0.3:run (default-cli) > test-compile @ WarehouseDB >>>
[INFO] 
[INFO] --- resources:3.3.1:resources (default-resources) @ WarehouseDB ---
[INFO] Copying 1 resource from src\main\resources to target\classes
[INFO] Copying 0 resource from src\main\resources to target\classes
[INFO] 
[INFO] --- compiler:3.14.1:compile (default-compile) @ WarehouseDB ---
[INFO] Nothing to compile - all classes are up to date.
[INFO] 
[INFO] --- resources:3.3.1:testResources (default-testResources) @ WarehouseDB ---
[INFO] skip non existing resourceDirectory D:\04.My_workspace\Project\WarehouseManagementDB\Warehouse-Management-System\backend\src\test\resources
[INFO] 
[INFO] --- compiler:3.14.1:testCompile (default-testCompile) @ WarehouseDB ---
[INFO] Nothing to compile - all classes are up to date.
[INFO] 
[INFO] <<< spring-boot:4.0.3:run (default-cli) < test-compile @ WarehouseDB <<<
[INFO] 
[INFO] 
[INFO] --- spring-boot:4.0.3:run (default-cli) @ WarehouseDB ---
[INFO] Attaching agents: []

  .   ____          _            __ _ _
 /\\ / ___'_ __ _ _(_)_ __  __ _ \ \ \ \
( ( )\___ | '_ | '_| | '_ \/ _` | \ \ \ \
 \\/  ___)| |_)| | | | | || (_| |  ) ) ) )
  '  |____| .__|_| |_|_| |_\__, | / / / /
 =========|_|==============|___/=/_/_/_/

 :: Spring Boot ::                (v4.0.3)

2026-02-27T11:38:33.516+07:00  INFO 22844 --- [WarehouseDB] [  restartedMain] c.e.warehousedb.WarehouseDbApplication   : Starting WarehouseDbApplication using Java 23.0.2 with PID 22844 (D:\04.My_workspace\Project\WarehouseManagementDB\Warehouse-Management-System\backend\target\classes started by tiend in D:\04.My_workspace\Project\WarehouseManagementDB\Warehouse-Management-System\backend)
2026-02-27T11:38:33.520+07:00  INFO 22844 --- [WarehouseDB] [  restartedMain] c.e.warehousedb.WarehouseDbApplication   : No active profile set, falling back to 1 default profile: "default"
2026-02-27T11:38:33.580+07:00  INFO 22844 --- [WarehouseDB] [  restartedMain] .e.DevToolsPropertyDefaultsPostProcessor : Devtools property defaults active! Set 'spring.devtools.add-properties' to 'false' to disable
2026-02-27T11:38:33.581+07:00  INFO 22844 --- [WarehouseDB] [  restartedMain] .e.DevToolsPropertyDefaultsPostProcessor : For additional web related logging consider setting the 'logging.level.web' property to 'DEBUG'
2026-02-27T11:38:34.578+07:00  INFO 22844 --- [WarehouseDB] [  restartedMain] .s.d.r.c.RepositoryConfigurationDelegate : Bootstrapping Spring Data JPA repositories in DEFAULT mode.
2026-02-27T11:38:34.628+07:00  INFO 22844 --- [WarehouseDB] [  restartedMain] .s.d.r.c.RepositoryConfigurationDelegate : Finished Spring Data repository scanning in 42 ms. Found 2 JPA repository interfaces.
2026-02-27T11:38:35.227+07:00  INFO 22844 --- [WarehouseDB] [  restartedMain] o.s.boot.tomcat.TomcatWebServer          : Tomcat initialized with port 8080 (http)
2026-02-27T11:38:35.242+07:00  INFO 22844 --- [WarehouseDB] [  restartedMain] o.apache.catalina.core.StandardService   : Starting service [Tomcat]
2026-02-27T11:38:35.242+07:00  INFO 22844 --- [WarehouseDB] [  restartedMain] o.apache.catalina.core.StandardEngine    : Starting Servlet engine: [Apache Tomcat/11.0.18]
2026-02-27T11:38:35.299+07:00  INFO 22844 --- [WarehouseDB] [  restartedMain] b.w.c.s.WebApplicationContextInitializer : Root WebApplicationContext: initialization completed in 1717 ms
2026-02-27T11:38:35.430+07:00  INFO 22844 --- [WarehouseDB] [  restartedMain] org.hibernate.orm.jpa                    : HHH008540: Processing PersistenceUnitInfo [name: default]
2026-02-27T11:38:35.478+07:00  INFO 22844 --- [WarehouseDB] [  restartedMain] org.hibernate.orm.core                   : HHH000001: Hibernate ORM core version 7.2.4.Final
2026-02-27T11:38:35.903+07:00  INFO 22844 --- [WarehouseDB] [  restartedMain] o.s.o.j.p.SpringPersistenceUnitInfo      : No LoadTimeWeaver setup: ignoring JPA class transformer
2026-02-27T11:38:35.931+07:00  INFO 22844 --- [WarehouseDB] [  restartedMain] com.zaxxer.hikari.HikariDataSource       : HikariPool-1 - Starting...
2026-02-27T11:38:36.085+07:00  INFO 22844 --- [WarehouseDB] [  restartedMain] com.zaxxer.hikari.pool.HikariPool        : HikariPool-1 - Added connection com.mysql.cj.jdbc.ConnectionImpl@31ae062b
2026-02-27T11:38:36.088+07:00  INFO 22844 --- [WarehouseDB] [  restartedMain] com.zaxxer.hikari.HikariDataSource       : HikariPool-1 - Start completed.
2026-02-27T11:38:36.132+07:00  WARN 22844 --- [WarehouseDB] [  restartedMain] org.hibernate.orm.deprecation            : HHH90000025: MySQLDialect does not need to be specified explicitly using 'hibernate.dialect' (remove the property setting and it will be selected by default)
2026-02-27T11:38:36.148+07:00  INFO 22844 --- [WarehouseDB] [  restartedMain] org.hibernate.orm.connections.pooling    : HHH10001005: Database info:
	Database JDBC URL [jdbc:mysql://localhost:3306/WarehouseRentalDB?useSSL=false&serverTimezone=Asia/Ho_Chi_Minh&allowPublicKeyRetrieval=true]
	Database driver: MySQL Connector/J
	Database dialect: MySQLDialect
	Database version: 9.3
	Default catalog/schema: WarehouseRentalDB/undefined
	Autocommit mode: undefined/unknown
	Isolation level: REPEATABLE_READ [default REPEATABLE_READ]
	JDBC fetch size: none
	Pool: DataSourceConnectionProvider
	Minimum pool size: undefined/unknown
	Maximum pool size: undefined/unknown
2026-02-27T11:38:37.239+07:00  INFO 22844 --- [WarehouseDB] [  restartedMain] org.hibernate.orm.core                   : HHH000489: No JTA platform available (set 'hibernate.transaction.jta.platform' to enable JTA platform integration)
2026-02-27T11:38:37.289+07:00  INFO 22844 --- [WarehouseDB] [  restartedMain] j.LocalContainerEntityManagerFactoryBean : Initialized JPA EntityManagerFactory for persistence unit 'default'
2026-02-27T11:38:37.355+07:00  INFO 22844 --- [WarehouseDB] [  restartedMain] o.s.d.j.r.query.QueryEnhancerFactories   : Hibernate is in classpath; If applicable, HQL parser will be used.
2026-02-27T11:38:37.639+07:00  INFO 22844 --- [WarehouseDB] [  restartedMain] eAuthenticationProviderManagerConfigurer : Global AuthenticationManager configured with AuthenticationProvider bean with name authenticationProvider
2026-02-27T11:38:37.640+07:00  WARN 22844 --- [WarehouseDB] [  restartedMain] r$InitializeUserDetailsManagerConfigurer : Global AuthenticationManager configured with an AuthenticationProvider bean. UserDetailsService beans will not be used by Spring Security for automatically configuring username/password login. Consider removing the AuthenticationProvider bean. Alternatively, consider using the UserDetailsService in a manually instantiated DaoAuthenticationProvider. If the current configuration is intentional, to turn off this warning, increase the logging level of 'org.springframework.security.config.annotation.authentication.configuration.InitializeUserDetailsBeanManagerConfigurer' to ERROR
2026-02-27T11:38:37.760+07:00  WARN 22844 --- [WarehouseDB] [  restartedMain] JpaBaseConfiguration$JpaWebConfiguration : spring.jpa.open-in-view is enabled by default. Therefore, database queries may be performed during view rendering. Explicitly configure spring.jpa.open-in-view to disable this warning
2026-02-27T11:38:38.413+07:00  INFO 22844 --- [WarehouseDB] [  restartedMain] o.s.boot.tomcat.TomcatWebServer          : Tomcat started on port 8080 (http) with context path '/'
2026-02-27T11:38:38.418+07:00  INFO 22844 --- [WarehouseDB] [  restartedMain] c.e.warehousedb.WarehouseDbApplication   : Started WarehouseDbApplication in 5.348 seconds (process running for 5.849)
2026-02-27T11:38:53.761+07:00  INFO 22844 --- [WarehouseDB] [ionShutdownHook] o.s.boot.tomcat.GracefulShutdown         : Commencing graceful shutdown. Waiting for active requests to complete
Terminate batch job (Y/N)? 2026-02-27T11:38:53.770+07:00  INFO 22844 --- [WarehouseDB] [tomcat-shutdown] o.s.boot.tomcat.GracefulShutdown         : Graceful shutdown complete
2026-02-27T11:38:53.774+07:00  INFO 22844 --- [WarehouseDB] [ionShutdownHook] j.LocalContainerEntityManagerFactoryBean : Closing JPA EntityManagerFactory for persistence unit 'default'
2026-02-27T11:38:53.776+07:00  INFO 22844 --- [WarehouseDB] [ionShutdownHook] com.zaxxer.hikari.HikariDataSource       : HikariPool-1 - Shutdown initiated...
2026-02-27T11:38:53.781+07:00  INFO 22844 --- [WarehouseDB] [ionShutdownHook] com.zaxxer.hikari.HikariDataSource       : HikariPool-1 - Shutdown completed.
[INFO] ------------------------------------------------------------------------
[INFO] BUILD SUCCESS
[INFO] ------------------------------------------------------------------------
[INFO] Total time:  23.328 s
[INFO] Finished at: 2026-02-27T11:38:53+07:00
[INFO] ------------------------------------------------------------------------
